<?xml version="1.0" encoding="UTF-8"?>
<testng-results skipped="0" failed="0" ignored="0" total="2" passed="2">
  <reporter-output>
  </reporter-output>
  <suite name="Suite" duration-ms="209048" started-at="2019-05-21T05:46:04Z" finished-at="2019-05-21T05:49:33Z">
    <groups>
      <group name="cucumber">
        <method signature="AbstractTestNGCucumberTests.feature(cucumber.api.testng.CucumberFeatureWrapper)[pri:0, instance:Runner.runner@25bbf683]" name="feature" class="cucumber.api.testng.AbstractTestNGCucumberTests"/>
      </group> <!-- cucumber -->
    </groups>
    <test name="Test" duration-ms="209048" started-at="2019-05-21T05:46:04Z" finished-at="2019-05-21T05:49:33Z">
      <class name="Runner.runner">
        <test-method status="PASS" signature="setUpClass()[pri:0, instance:Runner.runner@25bbf683]" name="setUpClass" is-config="true" duration-ms="282" started-at="2019-05-21T11:16:04Z" finished-at="2019-05-21T11:16:04Z">
          <reporter-output>
          </reporter-output>
        </test-method> <!-- setUpClass -->
        <test-method status="PASS" signature="before()[pri:0, instance:Runner.runner@25bbf683]" name="before" is-config="true" duration-ms="23530" started-at="2019-05-21T11:16:04Z" finished-at="2019-05-21T11:16:28Z">
          <reporter-output>
          </reporter-output>
        </test-method> <!-- before -->
        <test-method status="PASS" signature="feature(cucumber.api.testng.CucumberFeatureWrapper)[pri:0, instance:Runner.runner@25bbf683]" name="feature" duration-ms="36340" started-at="2019-05-21T11:16:28Z" description="Runs Cucumber Feature" data-provider="features" finished-at="2019-05-21T11:17:04Z">
          <params>
            <param index="0">
              <value>
                <![CDATA[User able to login]]>
              </value>
            </param>
          </params>
          <reporter-output>
          </reporter-output>
        </test-method> <!-- feature -->
        <test-method status="PASS" signature="feature(cucumber.api.testng.CucumberFeatureWrapper)[pri:0, instance:Runner.runner@25bbf683]" name="feature" duration-ms="148102" started-at="2019-05-21T11:17:04Z" description="Runs Cucumber Feature" data-provider="features" finished-at="2019-05-21T11:19:32Z">
          <params>
            <param index="0">
              <value>
                <![CDATA[To Check the categories present in the landing screen]]>
              </value>
            </param>
          </params>
          <reporter-output>
          </reporter-output>
        </test-method> <!-- feature -->
        <test-method status="PASS" signature="after()[pri:0, instance:Runner.runner@25bbf683]" name="after" is-config="true" duration-ms="1" started-at="2019-05-21T11:19:32Z" finished-at="2019-05-21T11:19:32Z">
          <reporter-output>
          </reporter-output>
        </test-method> <!-- after -->
        <test-method status="PASS" signature="tearDownClass()[pri:0, instance:Runner.runner@25bbf683]" name="tearDownClass" is-config="true" duration-ms="633" started-at="2019-05-21T11:19:32Z" finished-at="2019-05-21T11:19:33Z">
          <reporter-output>
          </reporter-output>
        </test-method> <!-- tearDownClass -->
      </class> <!-- Runner.runner -->
    </test> <!-- Test -->
  </suite> <!-- Suite -->
</testng-results>
